<?xml version="1.0" encoding="utf-8"?>
<!DOCTYPE refentry PUBLIC "-//OASIS//DTD DocBook XML V4.1.2//EN"
                          "http://www.oasis-open.org/docbook/xml/4.1.2/docbookx.dtd" [
]>

<refentry id="test-tsm">
  <refmeta>
    <refentrytitle>Target Startup Monitor</refentrytitle>
  </refmeta>

  <refnamediv>
    <refname>Target Startup Monitor</refname>
    <refpurpose>
      Testing that the target startup monitor correctly identifies targets have started, and
      sets the Node State Manager's state accordingly.
    </refpurpose>
  </refnamediv>

  <refsection>
    <title>Test environment and setup</title>
    <refsection>
      <title>Target units</title>
      <para>
        This testing requires the existence of focussed.target, unfocussed.target and
        lazy.target units.
        
        If they do not exist, they can be created by executing the following:
        <programlisting>
          cp /lib/systemd/system/{graphical,focussed}.target
          cp /lib/systemd/system/{graphical,unfocussed}.target
          cp /lib/systemd/system/{graphical,lazy}.target
        </programlisting>
      </para>
    </refsection>
  </refsection>
  
  <refsection>
    <title>Test Overview</title>
    <para>
      The following behaviours will be confirmed:
      <itemizedlist>
        <listitem><para><xref linkend="test-tsm-start-nsc" endterm="test-tsm-start-nsc-title" /></para></listitem>
        <listitem><para><xref linkend="test-tsm-start-focussed" endterm="test-tsm-start-focussed-title" /></para></listitem>
        <listitem><para><xref linkend="test-tsm-start-unfocussed" endterm="test-tsm-start-unfocussed-title" /></para></listitem>
        <listitem><para><xref linkend="test-tsm-start-lazy" endterm="test-tsm-start-lazy-title" /></para></listitem>
        <listitem><para><xref linkend="test-tsm-stop" endterm="test-tsm-stop-title" /></para></listitem>
      </itemizedlist>
    </para>
  </refsection>

  <refsection>
    <title>Test cases</title>
    <refsection id="test-tsm-start-nsc">
      <title id="test-tsm-start-nsc-title">Starting the Node Startup Controller tries to change the Node State</title>
      <orderedlist>
        <listitem><programlisting>systemctl start nsm-dummy.service</programlisting></listitem>
        <listitem><programlisting>systemctl start node-startup-controller.service</programlisting></listitem>
        <listitem>
          Read the DLT log and verify these entries appear:
          <informaltable><tgroup cols="3">
            <thead>
              <row> <entry>APID</entry> <entry>CTID</entry> <entry>Payload</entry> </row>
            </thead>
            <tbody>
              <row> <entry>NSMD</entry> <entry>NSMC</entry> <entry>[Applied the node state 2: yes]</entry></row>
              <row> <entry>NSC-</entry> <entry>CTRL</entry> <entry>[Active state of unit "node-startup-controller.service" changed to active]</entry></row>
            </tbody>
          </tgroup></informaltable>
        </listitem>
      </orderedlist>
    </refsection>

    <refsection id="test-tsm-start-focussed">
      <title id="test-tsm-start-focussed-title">Starting focussed.target tries to change the node state</title>
      <orderedlist continuation="continues">
        <listitem><programlisting>systemctl start focussed.target</programlisting></listitem>
        <listitem>
          Read the DLT log and verify these entries appear:
          <informaltable><tgroup cols="3">
            <thead>
              <row> <entry>APID</entry> <entry>CTID</entry> <entry>Payload</entry> </row>
            </thead>
            <tbody>
              <row> <entry>NSC-</entry> <entry>CTRL</entry> <entry>[Creating D-Bus proxy for unit "/org/freedesktop/systemd1/unit/focussed_2etarget"]</entry></row>
              <row> <entry>NSC-</entry> <entry>CTRL</entry> <entry>[Active state of unit "focussed.target" changed to active]</entry></row>
              <row> <entry>NSMD</entry> <entry>NSMC</entry> <entry>[Applied the node state 3: no]</entry></row>
              <row> <entry>NSC-</entry> <entry>CTRL</entry> <entry>[Failed to set the node state: error code 2]</entry></row>
            </tbody>
          </tgroup></informaltable>
        </listitem>
      </orderedlist>
    </refsection>

    <refsection id="test-tsm-start-unfocussed">
      <title id="test-tsm-start-unfocussed-title">Starting unfocussed.target tries to change the node state</title>
      <orderedlist continuation="continues">
        <listitem><programlisting>systemctl start unfocussed.target</programlisting></listitem>
        <listitem>
          Read the DLT log and verify these entries appear:
          <informaltable><tgroup cols="3">
            <thead>
              <row> <entry>APID</entry> <entry>CTID</entry> <entry>Payload</entry> </row>
            </thead>
            <tbody>
              <row> <entry>NSC-</entry> <entry>CTRL</entry> <entry>[Creating D-Bus proxy for unit "/org/freedesktop/systemd1/unit/unfocussed_2etarget"]</entry></row>
              <row> <entry>NSC-</entry> <entry>CTRL</entry> <entry>[Active state of unit "unfocussed.target" changed to active]</entry></row>
              <row> <entry>NSMD</entry> <entry>NSMC</entry> <entry>[Applied the node state 4: yes]</entry></row>
            </tbody>
          </tgroup></informaltable>
        </listitem>
      </orderedlist>
    </refsection>

    <refsection id="test-tsm-start-lazy">
      <title id="test-tsm-start-lazy-title">Starting lazy.target tries to change the node state</title>
      <orderedlist continuation="continues">
        <listitem><programlisting>systemctl start lazy.target</programlisting></listitem>
        <listitem>
          Read the DLT log and verify these entries appear:
          <informaltable><tgroup cols="3">
            <thead>
              <row> <entry>APID</entry> <entry>CTID</entry> <entry>Payload</entry> </row>
            </thead>
            <tbody>
              <row> <entry>NSC-</entry> <entry>CTRL</entry> <entry>[Creating D-Bus proxy for unit "/org/freedesktop/systemd1/unit/lazy_2etarget"]</entry></row>
              <row> <entry>NSC-</entry> <entry>CTRL</entry> <entry>[Active state of unit "lazy.target" changed to active]</entry></row>
              <row> <entry>NSMD</entry> <entry>NSMC</entry> <entry>[Applied the node state 5: no]</entry></row>
              <row> <entry>NSC-</entry> <entry>CTRL</entry> <entry>[Failed to set the node state: error code 2]</entry></row>
            </tbody>
          </tgroup></informaltable>
        </listitem>
      </orderedlist>
    </refsection>

    <refsection id="test-tsm-stop">
      <title id="test-tsm-stop-title">Stopping a target unit will not try to change the node state</title>
      <orderedlist continuation="continues">
        <listitem><programlisting>systemctl stop focussed.target</programlisting></listitem>
        <listitem>
          Read the DLT log and verify that these entries appear:
          <informaltable><tgroup cols="3">
            <thead>
              <row> <entry>APID</entry> <entry>CTID</entry> <entry>Payload</entry> </row>
            </thead>
            <tbody>
              <row> <entry>NSC-</entry> <entry>CTRL</entry> <entry>[Creating D-Bus proxy for unit "/org/freedesktop/systemd1/unit/focussed_2etarget"]</entry></row>
              <row> <entry>NSC-</entry> <entry>CTRL</entry> <entry>[Active state of unit "focussed.target" changed to inactive]</entry></row>
            </tbody>
          </tgroup></informaltable>
          Verify that these entries do not appear:
          <informaltable><tgroup cols="3">
            <thead>
              <row> <entry>APID</entry> <entry>CTID</entry> <entry>Payload</entry> </row>
            </thead>
            <tbody>
              <row> <entry>NSMD</entry> <entry>NSMC</entry> <entry>[Applied the node state 3: yes]</entry></row>
            </tbody>
          </tgroup></informaltable>
        </listitem>
      </orderedlist>
    </refsection>
  </refsection>

</refentry>
