<?xml version="1.0" encoding="utf-8"?>
<!DOCTYPE refentry PUBLIC "-//OASIS//DTD DocBook XML V4.1.2//EN"
                          "http://www.oasis-open.org/docbook/xml/4.1.2/docbookx.dtd" [
]>

<refentry id="test-luc-management">
  <refmeta>
    <refentrytitle>Tests for LUC management</refentrytitle>
  </refmeta>

  <refnamediv>
    <refname>Tests for LUC management</refname>
    <refpurpose>
      How to verify that the NSC correctly sets the LUC and brings up apps in the LUC
      correctly during start-up.
    </refpurpose>
  </refnamediv>

  <refsect1>
    <title>Test environment and setup</title>
    <refsect2>
      <title>GDBus</title>
      <para>
        This test assumes that the <command>gdbus</command> command line tool is installed
        on the system. Without this application, the LUC tests described here can not be
        performed.
      </para>
    </refsect2>
    <refsect2>
      <title>Helpful functions</title>
      <para>
        gdbus functions will be used frequently. To avoid excessive typing, the following
        functions should be defined and called:
        <programlisting>
# function to begin registration
begin()
{
  gdbus call --system \
    -d org.genivi.NodeStartupController1 \
    -o /org/genivi/NodeStartupController1/NodeStartupController \
    -m org.genivi.NodeStartupController1.NodeStartupController.BeginLUCRegistration \
}

# function to make a registration call
register()
{
  gdbus call --system \
    -d org.genivi.NodeStartupController1 \
    -o /org/genivi/NodeStartupController1/NodeStartupController \
    -m org.genivi.NodeStartupController1.NodeStartupController.RegisterWithLUC \
    "$1"
}

# function to finish registration
end()
{
  gdbus call --system \
    -d org.genivi.NodeStartupController1 \
    -o /org/genivi/NodeStartupController1/NodeStartupController \
    -m org.genivi.NodeStartupController1.NodeStartupController.FinishLUCRegistration \
}
        </programlisting>
      </para>
    </refsect2>
    <refsect2>
      <title>Starting the necessary services</title>
      <para>
        The NSM dummy and the Node Startup Controller services need to be started
        prior to running any of the tests described here. This is done using the
        following commands:
      </para>
      <programlisting>systemctl start nsm-dummy.service
systemctl start node-startup-controller.service</programlisting>
      <note>
        <para>
          Check the DLT log after starting these services. If the following messages
          was logged to the DLT you need to restart
          <literal>node-startup-controller.service</literal>:
        </para>
        <informaltable><tgroup cols="3">
          <thead>
            <row> <entry>APID</entry> <entry>CTID</entry> <entry>Payload</entry> </row>
          </thead>
          <tbody>
            <row><entry>NSC-</entry> <entry>CTRL</entry> <entry>[LUC is not required]</entry></row>
          </tbody>
        </tgroup></informaltable>
        <para>
          To restart <literal>node-startup-controller.service</literal> simply run:
        </para>
        <programlisting>systemctl restart node-startup-controller.service</programlisting>
      </note>
    </refsect2>
  </refsect1>

  <refsect1>
    <title>Test cases</title>
    <para>
      The following test cases for LUC management are described in this document:
      <itemizedlist>
        <listitem><para><xref linkend="test-luc-register-simple" endterm="test-luc-register-simple-title" /></para></listitem>
        <listitem><para><xref linkend="test-luc-register-only" endterm="test-luc-register-only-title" /></para></listitem>
        <listitem><para><xref linkend="test-luc-finish-only" endterm="test-luc-finish-only-title" /></para></listitem>
        <listitem><para><xref linkend="test-luc-register-complex" endterm="test-luc-register-complex-title" /></para></listitem>
        <listitem><para><xref linkend="test-luc-register-series" endterm="test-luc-register-series-title" /></para></listitem>
        <listitem><para><xref linkend="tests-luc-register-series-reorder" endterm="tests-luc-register-series-reorder-title" /></para></listitem>
      </itemizedlist>
    </para>
    <note>
      All of these tests need to be executed in the order they are listed here.
    </note>
  </refsect1>

  <refsect1 id="test-luc-register-simple">
    <title id="test-luc-register-simple-title">1. Registration of a simple dictionary</title>
    <refsect2>
      <title>Description</title>
      <para>
        Registers one application for a single LUC type, restarts the
        Node Startup Controller and verifies that it attempts to start this app
        as part of the LUC.
      </para>
    </refsect2>
    <refsect2>
      <title>Test commands</title>
      <programlisting>begin
register "{0: ['app1.unit']}"
end

systemctl restart node-startup-controller.service</programlisting>
    </refsect2>
    <refsect2>
      <title>Desired behaviour and output</title>
      <para>
        The DLT log should now contain the following log messages:
      </para>
      <informaltable><tgroup cols="3">
        <thead>
          <row> <entry>APID</entry> <entry>CTID</entry> <entry>Payload</entry> </row>
        </thead>
        <tbody>
          <row><entry>NSC-</entry> <entry>CTRL</entry> <entry>[Updated LUC to: "{0: ['app1.unit']}"]</entry></row>
          <row><entry>NSC-</entry> <entry>CTRL</entry> <entry>[Starting LUC group: 0]</entry></row>
          <row><entry>NSC-</entry> <entry>CTRL</entry> <entry>[Starting LUC app: app1.unit]</entry></row>
          <row><entry>NSC-</entry> <entry>CTRL</entry> <entry>[Finished starting LUC app: app1.unit]</entry></row>
          <row><entry>NSC-</entry> <entry>CTRL</entry> <entry>[Finished starting LUC group: 0]</entry></row>
        </tbody>
      </tgroup></informaltable>
    </refsect2>
  </refsect1>
  <refsect1 id="test-luc-register-only">
    <title id="test-luc-register-only-title">2. Registration does not happen on an isolated RegisterWithLUC() call</title>
    <refsect2>
      <title>Description</title>
      <para>
        Attempts to register an application by calling 
        <literal>RegisterWithLUC()</literal> all by itself. Restarts the Node Startup 
        Controller and verifies that the last user context hasn't changed.
      </para>
    </refsect2>
    <refsect2>
      <title>Test commands</title>
      <programlisting>register "{1: ['app2.unit']}"

systemctl restart node-startup-controller.service
      </programlisting>
    </refsect2>
    <refsect2>
      <title>Desired behaviour and output</title>
      <para>
        The DLT log should now contain the following log messages:
      </para>
      <informaltable><tgroup cols="3">
        <thead>
          <row> <entry>APID</entry> <entry>CTID</entry> <entry>Payload</entry> </row>
        </thead>
        <tbody>
          <row><entry>NSC-</entry> <entry>CTRL</entry> <entry>[Starting LUC group: 0]</entry></row>
          <row><entry>NSC-</entry> <entry>CTRL</entry> <entry>[Starting LUC app: app1.unit]</entry></row>
          <row><entry>NSC-</entry> <entry>CTRL</entry> <entry>[Finished starting LUC app: app1.unit]</entry></row>
          <row><entry>NSC-</entry> <entry>CTRL</entry> <entry>[Finished starting LUC group: 0]</entry></row>
        </tbody>
      </tgroup></informaltable>
    </refsect2>
  </refsect1>
  <refsect1 id="tests-luc-finish-only">
    <title id="test-luc-finish-only-title">3. An isolated FinishLUCRegistration() call will not change the LUC</title>
    <refsect2>
      <title>Description</title>
      <para>
        Calls <literal>FinishLUCRegistration()</literal> without having started
        registration or registered any apps with it. Restarts the Node Startup Controller
        to verify that the LUC hasn't changed.
      </para>
    </refsect2>
    <refsect2>
      <title>Test commands</title>
      <programlisting>end

systemctl restart node-startup-controller.service
      </programlisting>
    </refsect2>
    <refsect2>
      <title>Desired behaviour and output</title>
      <para>
        The DLT log should now contain the following log messages:
      </para>
      <informaltable><tgroup cols="3">
        <thead>
          <row> <entry>APID</entry> <entry>CTID</entry> <entry>Payload</entry> </row>
        </thead>
        <tbody>
          <row><entry>NSC-</entry> <entry>CTRL</entry> <entry>[Starting LUC group: 0]</entry></row>
          <row><entry>NSC-</entry> <entry>CTRL</entry> <entry>[Starting LUC app: app1.unit]</entry></row>
          <row><entry>NSC-</entry> <entry>CTRL</entry> <entry>[Finished starting LUC app: app1.unit]</entry></row>
          <row><entry>NSC-</entry> <entry>CTRL</entry> <entry>[Finished starting LUC group: 0]</entry></row>
        </tbody>
      </tgroup></informaltable>
    </refsect2>
  </refsect1>
  <refsect1 id="test-luc-register-complex">
    <title id="test-luc-register-complex-title">4. Registration of a complex dictionary</title>
    <refsect2>
      <title>Description</title>
      <para>
        Registers the Last User Context with multiple LUC groups and multiple apps in
        a single LUC group. Restarts the Node Startup Controller to verify the LUC was
        changed and starts the apps in the correct order.
      </para>
    </refsect2>
    <refsect2>
      <title>Test commands</title>
      <programlisting>begin
register "{0: ['app1.unit'], 1: ['app1.unit', 'app3.unit'], 2: ['app2.unit']}"
end

systemctl restart node-startup-controller.service
      </programlisting>
    </refsect2>
    <refsect2>
      <title>Desired behaviour and output</title>
      <note>
        The start order of LUC groups may be different depending on the build-time
        configuration of the Node Startup Controller in the test system.
      </note>
      <para>
        The DLT log should now contain the following messages
      </para>
      <informaltable><tgroup cols="3">
        <thead>
          <row> <entry>APID</entry> <entry>CTID</entry> <entry>Payload</entry> </row>
        </thead>
        <tbody>
          <row><entry>NSC-</entry> <entry>CTRL</entry> <entry>[Updated LUC to: "{0: ['app1.unit'], 1: ['app1.unit', 'app3.unit'], 2: ['app2.unit']}"]</entry></row>
          <row><entry>NSC-</entry> <entry>CTRL</entry> <entry>[Starting LUC group: 0]</entry></row>
          <row><entry>NSC-</entry> <entry>CTRL</entry> <entry>[Starting LUC app: app1.unit]</entry></row>
          <row><entry>NSC-</entry> <entry>CTRL</entry> <entry>[Finished starting LUC app: app1.unit]</entry></row>
          <row><entry>NSC-</entry> <entry>CTRL</entry> <entry>[Finished starting LUC group: 0]</entry></row>
          <row><entry>NSC-</entry> <entry>CTRL</entry> <entry>[Starting LUC group: 1]</entry></row>
          <row><entry>NSC-</entry> <entry>CTRL</entry> <entry>[Starting LUC app: app1.unit]</entry></row>
          <row><entry>NSC-</entry> <entry>CTRL</entry> <entry>[Finished starting LUC app: app1.unit]</entry></row>
          <row><entry>NSC-</entry> <entry>CTRL</entry> <entry>[Starting LUC app: app3.unit]</entry></row>
          <row><entry>NSC-</entry> <entry>CTRL</entry> <entry>[Finished starting LUC app: app3.unit]</entry></row>
          <row><entry>NSC-</entry> <entry>CTRL</entry> <entry>[Finished starting LUC group: 1]</entry></row>
          <row><entry>NSC-</entry> <entry>CTRL</entry> <entry>[Starting LUC group: 2]</entry></row>
          <row><entry>NSC-</entry> <entry>CTRL</entry> <entry>[Starting LUC app: app2.unit]</entry></row>
          <row><entry>NSC-</entry> <entry>CTRL</entry> <entry>[Finished starting LUC app: app2.unit]</entry></row>
          <row><entry>NSC-</entry> <entry>CTRL</entry> <entry>[Finished starting LUC group: 2]</entry></row>
        </tbody>
      </tgroup></informaltable>
    </refsect2>
  </refsect1>
  <refsect1 id="test-luc-register-series">
    <title id="test-luc-register-series-title">5. Registration can happen with a series of RegisterWithLUC() calls</title>
    <refsect2>
      <title>Description</title>
      <para>
        Registers multiple applications to the LUC in a series of
        <literal>RegisterWithLUC()</literal> calls. Restarts the Node Startup Controller
        and verifies that the apps added in each call are started in the correct order.
      </para>
    </refsect2>
    <refsect2>
      <title>Test commands</title>
      <programlisting>begin
register "{0: ['app1.unit']}"
register "{1: ['app3.unit']}"
end

systemctl restart node-startup-controller.service
      </programlisting>
    </refsect2>
    <refsect2>
      <title>Desired behaviour and output</title>
      <para>
        The DLT log should now contain the following log messages:
      </para>
      <informaltable><tgroup cols="3">
        <thead>
          <row> <entry>APID</entry> <entry>CTID</entry> <entry>Payload</entry> </row>
        </thead>
        <tbody>
          <row><entry>NSC-</entry> <entry>CTRL</entry> <entry>[Updated LUC to: "{0: ['app1.unit']}"]</entry></row>
          <row><entry>NSC-</entry> <entry>CTRL</entry> <entry>[Updated LUC to: "{0: ['app1.unit'], 1: ['app3.unit']}"]</entry></row>
          <row><entry>NSC-</entry> <entry>CTRL</entry> <entry>[Starting LUC group: 0]</entry></row>
          <row><entry>NSC-</entry> <entry>CTRL</entry> <entry>[Starting LUC app: app1.unit]</entry></row>
          <row><entry>NSC-</entry> <entry>CTRL</entry> <entry>[Finished starting LUC app: app1.unit]</entry></row>
          <row><entry>NSC-</entry> <entry>CTRL</entry> <entry>[Finished starting LUC group: 0]</entry></row>
          <row><entry>NSC-</entry> <entry>CTRL</entry> <entry>[Starting LUC group: 1]</entry></row>
          <row><entry>NSC-</entry> <entry>CTRL</entry> <entry>[Starting LUC app: app3.unit]</entry></row>
          <row><entry>NSC-</entry> <entry>CTRL</entry> <entry>[Finished starting LUC app: app3.unit]</entry></row>
          <row><entry>NSC-</entry> <entry>CTRL</entry> <entry>[Finished starting LUC group: 1]</entry></row>
        </tbody>
      </tgroup></informaltable>
    </refsect2>
  </refsect1>
  <refsect1 id="tests-luc-register-series-reorder">
    <title id="tests-luc-register-series-reorder-title">6. Repeated registration of an app changes the order in the LUC</title>
    <refsect2>
      <title>Description</title>
      <para>
        Registers two applications, then registers the first application again. Restarts
        the Node Startup Controller to verify that the order the applications start is
        changed by the second registration.
      </para>
    </refsect2>
    <refsect2>
      <title>Test commands</title>
      <programlisting>begin
register "{1: ['app1.unit', 'app2.unit']}"
register "{1: ['app1.unit']}"
end

systemctl restart node-startup-controller.service
      </programlisting>
    </refsect2>
    <refsect2>
      <title>Desired behaviour and output</title>
      <para>
        The DLT log should now contain the following log messages:
      </para>
      <informaltable><tgroup cols="3">
        <thead>
          <row> <entry>APID</entry> <entry>CTID</entry> <entry>Payload</entry> </row>
        </thead>
        <tbody>
          <row><entry>NSC-</entry> <entry>CTRL</entry> <entry>[Updated LUC to: "{1: ['app1.unit', 'app2.unit']}"]</entry></row>
          <row><entry>NSC-</entry> <entry>CTRL</entry> <entry>[Updated LUC to: "{1: ['app2.unit', 'app1.unit']}"]</entry></row>
          <row><entry>NSC-</entry> <entry>CTRL</entry> <entry>[Starting LUC group: 1]</entry></row>
          <row><entry>NSC-</entry> <entry>CTRL</entry> <entry>[Starting LUC app: app2.unit]</entry></row>
          <row><entry>NSC-</entry> <entry>CTRL</entry> <entry>[Finished starting LUC app: app2.unit]</entry></row>
          <row><entry>NSC-</entry> <entry>CTRL</entry> <entry>[Starting LUC app: app1.unit]</entry></row>
          <row><entry>NSC-</entry> <entry>CTRL</entry> <entry>[Finished starting LUC app: app1.unit]</entry></row>
          <row><entry>NSC-</entry> <entry>CTRL</entry> <entry>[Finished starting LUC group: 1]</entry></row>
        </tbody>
      </tgroup></informaltable>
    </refsect2>
  </refsect1>
</refentry>
